<?xml version="1.0" encoding="UTF-8" ?>
<testsuite tests="6" failures="1" name="Codes_DataTest" time="0.205" errors="0" skipped="0">
  <properties>
    <property name="java.runtime.name" value="Java(TM) SE Runtime Environment"/>
    <property name="sun.boot.library.path" value="C:\Program Files\Java\jdk1.8.0_161\jre\bin"/>
    <property name="java.vm.version" value="25.161-b12"/>
    <property name="java.vm.vendor" value="Oracle Corporation"/>
    <property name="java.vendor.url" value="http://java.oracle.com/"/>
    <property name="path.separator" value=";"/>
    <property name="guice.disable.misplaced.annotation.check" value="true"/>
    <property name="java.vm.name" value="Java HotSpot(TM) 64-Bit Server VM"/>
    <property name="file.encoding.pkg" value="sun.io"/>
    <property name="user.script" value=""/>
    <property name="user.country" value="PT"/>
    <property name="sun.java.launcher" value="SUN_STANDARD"/>
    <property name="sun.os.patch.level" value=""/>
    <property name="test" value="Codes_DataTest"/>
    <property name="java.vm.specification.name" value="Java Virtual Machine Specification"/>
    <property name="user.dir" value="C:\Users\nunos\OneDrive\Documentos\NetBeansProjects\Individual-TQS"/>
    <property name="java.runtime.version" value="1.8.0_161-b12"/>
    <property name="java.awt.graphicsenv" value="sun.awt.Win32GraphicsEnvironment"/>
    <property name="java.endorsed.dirs" value="C:\Program Files\Java\jdk1.8.0_161\jre\lib\endorsed"/>
    <property name="os.arch" value="amd64"/>
    <property name="java.io.tmpdir" value="C:\Users\nunos\AppData\Local\Temp\"/>
    <property name="line.separator" value="
"/>
    <property name="java.vm.specification.vendor" value="Oracle Corporation"/>
    <property name="user.variant" value=""/>
    <property name="os.name" value="Windows 10"/>
    <property name="maven.ext.class.path" value="D:\NetBeans 8.2\java\maven-nblib\netbeans-eventspy.jar"/>
    <property name="classworlds.conf" value="D:\NetBeans 8.2\java\maven\bin\m2.conf"/>
    <property name="sun.jnu.encoding" value="Cp1252"/>
    <property name="java.library.path" value="C:\Program Files\Java\jdk1.8.0_161\bin;C:\WINDOWS\Sun\Java\bin;C:\WINDOWS\system32;C:\WINDOWS;C:\Program Files (x86)\Common Files\Oracle\Java\javapath;C:\ProgramData\Oracle\Java\javapath;C:\Program Files (x86)\Intel\iCLS Client\;C:\Program Files\Intel\iCLS Client\;C:\Windows\system32;C:\Windows;C:\Windows\System32\Wbem;C:\Windows\System32\WindowsPowerShell\v1.0\;C:\Program Files (x86)\Intel\Intel(R) Management Engine Components\DAL;C:\Program Files\Intel\Intel(R) Management Engine Components\DAL;C:\Program Files (x86)\Intel\Intel(R) Management Engine Components\IPT;C:\Program Files\Intel\Intel(R) Management Engine Components\IPT;C:\WINDOWS\system32;C:\WINDOWS;C:\WINDOWS\System32\Wbem;C:\WINDOWS\System32\WindowsPowerShell\v1.0\;C:\WINDOWS\System32\OpenSSH\;C:\Program Files (x86)\NVIDIA Corporation\PhysX\Common;C:\Program Files\NVIDIA Corporation\NVIDIA NvDLISR;C:\Program Files\Java\jdk1.8.0_161\bin;D:\Programas\Git\cmd;C:\Users\nunos\AppData\Local\Programs\Python\Python37-32\Scripts\;C:\Users\nunos\AppData\Local\Programs\Python\Python37-32\;C:\Users\nunos\AppData\Local\Microsoft\WindowsApps;C:\Users\nunos\AppData\Local\GitHubDesktop\bin;C:\Users\nunos\AppData\Local\Microsoft\WindowsApps;;."/>
    <property name="java.specification.name" value="Java Platform API Specification"/>
    <property name="java.class.version" value="52.0"/>
    <property name="sun.management.compiler" value="HotSpot 64-Bit Tiered Compilers"/>
    <property name="os.version" value="10.0"/>
    <property name="user.home" value="C:\Users\nunos"/>
    <property name="user.timezone" value="Europe/London"/>
    <property name="java.awt.printerjob" value="sun.awt.windows.WPrinterJob"/>
    <property name="java.specification.version" value="1.8"/>
    <property name="file.encoding" value="UTF-8"/>
    <property name="user.name" value="nunos"/>
    <property name="java.class.path" value="D:\NetBeans 8.2\java\maven\boot\plexus-classworlds-2.4.jar"/>
    <property name="java.vm.specification.version" value="1.8"/>
    <property name="sun.arch.data.model" value="64"/>
    <property name="java.home" value="C:\Program Files\Java\jdk1.8.0_161\jre"/>
    <property name="sun.java.command" value="org.codehaus.plexus.classworlds.launcher.Launcher -Dtest=Codes_DataTest -Dmaven.ext.class.path=D:\NetBeans 8.2\java\maven-nblib\netbeans-eventspy.jar -Dfile.encoding=UTF-8 surefire:test"/>
    <property name="java.specification.vendor" value="Oracle Corporation"/>
    <property name="user.language" value="pt"/>
    <property name="awt.toolkit" value="sun.awt.windows.WToolkit"/>
    <property name="java.vm.info" value="mixed mode"/>
    <property name="java.version" value="1.8.0_161"/>
    <property name="java.ext.dirs" value="C:\Program Files\Java\jdk1.8.0_161\jre\lib\ext;C:\WINDOWS\Sun\Java\lib\ext"/>
    <property name="sun.boot.class.path" value="C:\Program Files\Java\jdk1.8.0_161\jre\lib\resources.jar;C:\Program Files\Java\jdk1.8.0_161\jre\lib\rt.jar;C:\Program Files\Java\jdk1.8.0_161\jre\lib\sunrsasign.jar;C:\Program Files\Java\jdk1.8.0_161\jre\lib\jsse.jar;C:\Program Files\Java\jdk1.8.0_161\jre\lib\jce.jar;C:\Program Files\Java\jdk1.8.0_161\jre\lib\charsets.jar;C:\Program Files\Java\jdk1.8.0_161\jre\lib\jfr.jar;C:\Program Files\Java\jdk1.8.0_161\jre\classes"/>
    <property name="java.vendor" value="Oracle Corporation"/>
    <property name="maven.home" value="D:\NetBeans 8.2\java\maven"/>
    <property name="file.separator" value="\"/>
    <property name="java.vendor.url.bug" value="http://bugreport.sun.com/bugreport/"/>
    <property name="sun.cpu.endian" value="little"/>
    <property name="sun.io.unicode.encoding" value="UnicodeLittle"/>
    <property name="sun.desktop" value="windows"/>
    <property name="sun.cpu.isalist" value="amd64"/>
  </properties>
  <testcase classname="Codes_DataTest" name="NullTest" time="0.001"/>
  <testcase classname="Codes_DataTest" name="CityCodeTest" time="0.001"/>
  <testcase classname="Codes_DataTest" name="WindSpeedTest" time="0"/>
  <testcase classname="Codes_DataTest" name="checkUrlTest" time="0.102">
    <failure message="expected:&lt;...ology/cities/daily/1[1214]00.json&gt; but was:&lt;...ology/cities/daily/1[0105]00.json&gt;" type="org.junit.ComparisonFailure">org.junit.ComparisonFailure: expected:&lt;...ology/cities/daily/1[1214]00.json&gt; but was:&lt;...ology/cities/daily/1[0105]00.json&gt;
	at org.junit.Assert.assertEquals(Assert.java:115)
	at org.junit.Assert.assertEquals(Assert.java:144)
	at Codes_DataTest.checkUrlTest(Codes_DataTest.java:42)
	at sun.reflect.NativeMethodAccessorImpl.invoke0(Native Method)
	at sun.reflect.NativeMethodAccessorImpl.invoke(NativeMethodAccessorImpl.java:62)
	at sun.reflect.DelegatingMethodAccessorImpl.invoke(DelegatingMethodAccessorImpl.java:43)
	at java.lang.reflect.Method.invoke(Method.java:498)
	at org.junit.runners.model.FrameworkMethod$1.runReflectiveCall(FrameworkMethod.java:50)
	at org.junit.internal.runners.model.ReflectiveCallable.run(ReflectiveCallable.java:12)
	at org.junit.runners.model.FrameworkMethod.invokeExplosively(FrameworkMethod.java:47)
	at org.junit.internal.runners.statements.InvokeMethod.evaluate(InvokeMethod.java:17)
	at org.junit.internal.runners.statements.RunBefores.evaluate(RunBefores.java:26)
	at org.junit.internal.runners.statements.RunAfters.evaluate(RunAfters.java:27)
	at org.junit.runners.ParentRunner.runLeaf(ParentRunner.java:325)
	at org.junit.runners.BlockJUnit4ClassRunner.runChild(BlockJUnit4ClassRunner.java:78)
	at org.junit.runners.BlockJUnit4ClassRunner.runChild(BlockJUnit4ClassRunner.java:57)
	at org.junit.runners.ParentRunner$3.run(ParentRunner.java:290)
	at org.junit.runners.ParentRunner$1.schedule(ParentRunner.java:71)
	at org.junit.runners.ParentRunner.runChildren(ParentRunner.java:288)
	at org.junit.runners.ParentRunner.access$000(ParentRunner.java:58)
	at org.junit.runners.ParentRunner$2.evaluate(ParentRunner.java:268)
	at org.junit.internal.runners.statements.RunBefores.evaluate(RunBefores.java:26)
	at org.junit.internal.runners.statements.RunAfters.evaluate(RunAfters.java:27)
	at org.junit.runners.ParentRunner.run(ParentRunner.java:363)
	at org.apache.maven.surefire.junit4.JUnit4TestSet.execute(JUnit4TestSet.java:53)
	at org.apache.maven.surefire.junit4.JUnit4Provider.executeTestSet(JUnit4Provider.java:123)
	at org.apache.maven.surefire.junit4.JUnit4Provider.invoke(JUnit4Provider.java:104)
	at sun.reflect.NativeMethodAccessorImpl.invoke0(Native Method)
	at sun.reflect.NativeMethodAccessorImpl.invoke(NativeMethodAccessorImpl.java:62)
	at sun.reflect.DelegatingMethodAccessorImpl.invoke(DelegatingMethodAccessorImpl.java:43)
	at java.lang.reflect.Method.invoke(Method.java:498)
	at org.apache.maven.surefire.util.ReflectionUtils.invokeMethodWithArray(ReflectionUtils.java:164)
	at org.apache.maven.surefire.booter.ProviderFactory$ProviderProxy.invoke(ProviderFactory.java:110)
	at org.apache.maven.surefire.booter.SurefireStarter.invokeProvider(SurefireStarter.java:175)
	at org.apache.maven.surefire.booter.SurefireStarter.runSuitesInProcessWhenForked(SurefireStarter.java:107)
	at org.apache.maven.surefire.booter.ForkedBooter.main(ForkedBooter.java:68)
</failure>
    <system-out>
Sending &apos;GET&apos; request to URL : http://api.ipma.pt/open-data/forecast/meteorology/cities/daily/1121400.json
Response Code : 200
result after Reading JSON Response
--------------------------------------------
[{&quot;tMax&quot;:&quot;24.8&quot;,&quot;precipitaProb&quot;:&quot;0.0&quot;,&quot;latitude&quot;:&quot;39.2900&quot;,&quot;idWeatherType&quot;:1,&quot;tMin&quot;:&quot;15.3&quot;,&quot;predWindDir&quot;:&quot;E&quot;,&quot;classWindSpeed&quot;:2,&quot;longitude&quot;:&quot;-7.4200&quot;,&quot;forecastDate&quot;:&quot;2019-05-04&quot;},{&quot;tMax&quot;:&quot;25.7&quot;,&quot;precipitaProb&quot;:&quot;0.0&quot;,&quot;latitude&quot;:&quot;39.2900&quot;,&quot;idWeatherType&quot;:2,&quot;tMin&quot;:&quot;13.2&quot;,&quot;predWindDir&quot;:&quot;W&quot;,&quot;classWindSpeed&quot;:2,&quot;longitude&quot;:&quot;-7.4200&quot;,&quot;forecastDate&quot;:&quot;2019-05-05&quot;},{&quot;tMax&quot;:&quot;20.6&quot;,&quot;precipitaProb&quot;:&quot;0.0&quot;,&quot;latitude&quot;:&quot;39.2900&quot;,&quot;idWeatherType&quot;:3,&quot;tMin&quot;:&quot;11.0&quot;,&quot;predWindDir&quot;:&quot;W&quot;,&quot;classWindSpeed&quot;:2,&quot;longitude&quot;:&quot;-7.4200&quot;,&quot;forecastDate&quot;:&quot;2019-05-06&quot;},{&quot;tMax&quot;:&quot;19.2&quot;,&quot;precipitaProb&quot;:&quot;48.0&quot;,&quot;latitude&quot;:&quot;39.2900&quot;,&quot;idWeatherType&quot;:3,&quot;tMin&quot;:&quot;11.7&quot;,&quot;predWindDir&quot;:&quot;W&quot;,&quot;classWindSpeed&quot;:2,&quot;longitude&quot;:&quot;-7.4200&quot;,&quot;forecastDate&quot;:&quot;2019-05-07&quot;},{&quot;tMax&quot;:&quot;18.6&quot;,&quot;precipitaProb&quot;:&quot;92.0&quot;,&quot;latitude&quot;:&quot;39.2900&quot;,&quot;idWeatherType&quot;:9,&quot;classPrecInt&quot;:2,&quot;tMin&quot;:&quot;12.0&quot;,&quot;predWindDir&quot;:&quot;SW&quot;,&quot;classWindSpeed&quot;:2,&quot;longitude&quot;:&quot;-7.4200&quot;,&quot;forecastDate&quot;:&quot;2019-05-08&quot;}]
911
ola
1010500
adeus
gay
GET: [{&quot;tMax&quot;:&quot;24.8&quot;,&quot;precipitaProb&quot;:&quot;0.0&quot;,&quot;latitude&quot;:&quot;39.2900&quot;,&quot;idWeatherType&quot;:1,&quot;tMin&quot;:&quot;15.3&quot;,&quot;predWindDir&quot;:&quot;E&quot;,&quot;classWindSpeed&quot;:2,&quot;longitude&quot;:&quot;-7.4200&quot;,&quot;forecastDate&quot;:&quot;2019-05-04&quot;},{&quot;tMax&quot;:&quot;25.7&quot;,&quot;precipitaProb&quot;:&quot;0.0&quot;,&quot;latitude&quot;:&quot;39.2900&quot;,&quot;idWeatherType&quot;:2,&quot;tMin&quot;:&quot;13.2&quot;,&quot;predWindDir&quot;:&quot;W&quot;,&quot;classWindSpeed&quot;:2,&quot;longitude&quot;:&quot;-7.4200&quot;,&quot;forecastDate&quot;:&quot;2019-05-05&quot;},{&quot;tMax&quot;:&quot;20.6&quot;,&quot;precipitaProb&quot;:&quot;0.0&quot;,&quot;latitude&quot;:&quot;39.2900&quot;,&quot;idWeatherType&quot;:3,&quot;tMin&quot;:&quot;11.0&quot;,&quot;predWindDir&quot;:&quot;W&quot;,&quot;classWindSpeed&quot;:2,&quot;longitude&quot;:&quot;-7.4200&quot;,&quot;forecastDate&quot;:&quot;2019-05-06&quot;},{&quot;tMax&quot;:&quot;19.2&quot;,&quot;precipitaProb&quot;:&quot;48.0&quot;,&quot;latitude&quot;:&quot;39.2900&quot;,&quot;idWeatherType&quot;:3,&quot;tMin&quot;:&quot;11.7&quot;,&quot;predWindDir&quot;:&quot;W&quot;,&quot;classWindSpeed&quot;:2,&quot;longitude&quot;:&quot;-7.4200&quot;,&quot;forecastDate&quot;:&quot;2019-05-07&quot;},{&quot;tMax&quot;:&quot;18.6&quot;,&quot;precipitaProb&quot;:&quot;92.0&quot;,&quot;latitude&quot;:&quot;39.2900&quot;,&quot;idWeatherType&quot;:9,&quot;classPrecInt&quot;:2,&quot;tMin&quot;:&quot;12.0&quot;,&quot;predWindDir&quot;:&quot;SW&quot;,&quot;classWindSpeed&quot;:2,&quot;longitude&quot;:&quot;-7.4200&quot;,&quot;forecastDate&quot;:&quot;2019-05-08&quot;}]
------------------------------------------------------------
tMin: 24.8
tMin: 25.7
tMin: 20.6
tMin: 19.2
tMin: 18.6
size: 5
HERE tMin
1
2
3
3
9
911
http://api.ipma.pt/open-data/forecast/meteorology/cities/daily/1121400.json
</system-out>
  </testcase>
  <testcase classname="Codes_DataTest" name="SizeTest" time="0"/>
  <testcase classname="Codes_DataTest" name="idWeatherTypeTest" time="0"/>
</testsuite>